{"timestamp": "2025-03-15T19:00:00+09:00", "level": "INFO", "method": "POST", "path": "/api/v1/watch", "status": 200, "latency_ms": 194, "user_id": 70097}
{"timestamp": "2025-03-15T19:10:00+09:00", "level": "INFO", "method": "POST", "path": "/api/v1/watch", "status": 200, "latency_ms": 61, "user_id": 52945}
{"timestamp": "2025-03-15T19:20:00+09:00", "level": "INFO", "method": "POST", "path": "/api/v1/watch", "status": 200, "latency_ms": 166, "user_id": 80443}
{"timestamp": "2025-03-15T19:30:00+09:00", "level": "INFO", "method": "POST", "path": "/api/v1/watch", "status": 200, "latency_ms": 174, "user_id": 94833}
{"timestamp": "2025-03-15T19:40:00+09:00", "level": "INFO", "method": "POST", "path": "/api/v1/watch", "status": 200, "latency_ms": 144, "user_id": 78341}
{"timestamp": "2025-03-15T19:50:00+09:00", "level": "INFO", "method": "POST", "path": "/api/v1/watch", "status": 200, "latency_ms": 60, "user_id": 86184}
{"timestamp": "2025-03-15T20:00:00+09:00", "level": "INFO", "method": "POST", "path": "/api/v1/watch", "status": 200, "latency_ms": 97, "user_id": 65036}
{"timestamp": "2025-03-15T20:10:00+09:00", "level": "INFO", "method": "POST", "path": "/api/v1/watch", "status": 200, "latency_ms": 165, "user_id": 83109}
{"timestamp": "2025-03-15T20:20:00+09:00", "level": "INFO", "method": "POST", "path": "/api/v1/watch", "status": 200, "latency_ms": 77, "user_id": 87373}
{"timestamp": "2025-03-15T20:30:00+09:00", "level": "INFO", "method": "POST", "path": "/api/v1/watch", "status": 200, "latency_ms": 184, "user_id": 88250}
{"timestamp": "2025-03-15T20:40:00+09:00", "level": "INFO", "method": "POST", "path": "/api/v1/watch", "status": 200, "latency_ms": 152, "user_id": 78640}
{"timestamp": "2025-03-15T20:50:00+09:00", "level": "INFO", "method": "POST", "path": "/api/v1/watch", "status": 200, "latency_ms": 99, "user_id": 92593}
{"timestamp": "2025-03-15T21:00:00+09:00", "level": "INFO", "method": "POST", "path": "/api/v1/watch", "status": 200, "latency_ms": 181, "user_id": 72892}
{"timestamp": "2025-03-15T21:10:00+09:00", "level": "INFO", "method": "POST", "path": "/api/v1/watch", "status": 200, "latency_ms": 51, "user_id": 45569}
{"timestamp": "2025-03-15T21:20:00+09:00", "level": "INFO", "method": "POST", "path": "/api/v1/watch", "status": 200, "latency_ms": 110, "user_id": 51315}
{"timestamp": "2025-03-15T21:30:00+09:00", "level": "INFO", "method": "POST", "path": "/api/v1/watch", "status": 200, "latency_ms": 176, "user_id": 83707}
{"timestamp": "2025-03-15T21:40:00+09:00", "level": "INFO", "method": "POST", "path": "/api/v1/watch", "status": 200, "latency_ms": 83, "user_id": 82234}
{"timestamp": "2025-03-15T21:50:00+09:00", "level": "INFO", "method": "POST", "path": "/api/v1/watch", "status": 200, "latency_ms": 89, "user_id": 96853}
{"timestamp": "2025-03-15T22:00:00+09:00", "level": "INFO", "method": "POST", "path": "/api/v1/watch", "status": 200, "latency_ms": 87, "user_id": 11053}
{"timestamp": "2025-03-15T22:10:00+09:00", "level": "INFO", "method": "POST", "path": "/api/v1/watch", "status": 200, "latency_ms": 102, "user_id": 93131}
{"timestamp": "2025-03-15T22:20:00+09:00", "level": "INFO", "method": "POST", "path": "/api/v1/watch", "status": 200, "latency_ms": 82, "user_id": 24709}
{"timestamp": "2025-03-15T22:30:00+09:00", "level": "INFO", "method": "POST", "path": "/api/v1/watch", "status": 200, "latency_ms": 93, "user_id": 80748}
{"timestamp": "2025-03-15T22:40:00+09:00", "level": "INFO", "method": "POST", "path": "/api/v1/watch", "status": 200, "latency_ms": 139, "user_id": 22506}
{"timestamp": "2025-03-15T22:50:00+09:00", "level": "INFO", "method": "POST", "path": "/api/v1/watch", "status": 200, "latency_ms": 105, "user_id": 21131}
{"timestamp": "2025-03-15T23:00:00+09:00", "level": "INFO", "method": "POST", "path": "/api/v1/watch", "status": 200, "latency_ms": 185, "user_id": 47384}
{"timestamp": "2025-03-15T23:10:00+09:00", "level": "INFO", "method": "POST", "path": "/api/v1/watch", "status": 200, "latency_ms": 178, "user_id": 61144}
{"timestamp": "2025-03-15T23:20:00+09:00", "level": "INFO", "method": "POST", "path": "/api/v1/watch", "status": 200, "latency_ms": 62, "user_id": 79403}
{"timestamp": "2025-03-15T23:30:00+09:00", "level": "INFO", "method": "POST", "path": "/api/v1/watch", "status": 200, "latency_ms": 195, "user_id": 93046}
{"timestamp": "2025-03-15T23:40:00+09:00", "level": "INFO", "method": "POST", "path": "/api/v1/watch", "status": 200, "latency_ms": 51, "user_id": 24416}
{"timestamp": "2025-03-15T23:50:00+09:00", "level": "INFO", "method": "POST", "path": "/api/v1/watch", "status": 200, "latency_ms": 82, "user_id": 47848}
{"timestamp": "2025-03-16T00:00:00+09:00", "level": "INFO", "method": "POST", "path": "/api/v1/watch", "status": 200, "latency_ms": 152, "user_id": 44482}
{"timestamp": "2025-03-16T00:10:00+09:00", "level": "INFO", "method": "POST", "path": "/api/v1/watch", "status": 200, "latency_ms": 148, "user_id": 91248}
{"timestamp": "2025-03-16T00:20:00+09:00", "level": "INFO", "method": "POST", "path": "/api/v1/watch", "status": 200, "latency_ms": 66, "user_id": 60292}
{"timestamp": "2025-03-16T00:30:00+09:00", "level": "INFO", "method": "POST", "path": "/api/v1/watch", "status": 200, "latency_ms": 198, "user_id": 65418}
{"timestamp": "2025-03-16T00:40:00+09:00", "level": "INFO", "method": "POST", "path": "/api/v1/watch", "status": 200, "latency_ms": 82, "user_id": 42888}
{"timestamp": "2025-03-16T00:50:00+09:00", "level": "INFO", "method": "POST", "path": "/api/v1/watch", "status": 200, "latency_ms": 190, "user_id": 86010}
{"timestamp": "2025-03-16T01:00:00+09:00", "level": "INFO", "method": "POST", "path": "/api/v1/watch", "status": 200, "latency_ms": 63, "user_id": 81731}
{"timestamp": "2025-03-16T01:10:00+09:00", "level": "INFO", "method": "POST", "path": "/api/v1/watch", "status": 200, "latency_ms": 105, "user_id": 41039}
{"timestamp": "2025-03-16T01:20:00+09:00", "level": "INFO", "method": "POST", "path": "/api/v1/watch", "status": 200, "latency_ms": 138, "user_id": 39871}
{"timestamp": "2025-03-16T01:30:00+09:00", "level": "INFO", "method": "POST", "path": "/api/v1/watch", "status": 200, "latency_ms": 195, "user_id": 26614}
{"timestamp": "2025-03-16T01:40:00+09:00", "level": "INFO", "method": "POST", "path": "/api/v1/watch", "status": 200, "latency_ms": 167, "user_id": 27187}
{"timestamp": "2025-03-16T01:50:00+09:00", "level": "INFO", "method": "POST", "path": "/api/v1/watch", "status": 200, "latency_ms": 104, "user_id": 67615}
{"timestamp": "2025-03-16T02:00:00+09:00", "level": "INFO", "method": "POST", "path": "/api/v1/watch", "status": 200, "latency_ms": 153, "user_id": 18134}
{"timestamp": "2025-03-16T02:10:00+09:00", "level": "INFO", "method": "POST", "path": "/api/v1/watch", "status": 200, "latency_ms": 115, "user_id": 86962}
{"timestamp": "2025-03-16T02:20:00+09:00", "level": "INFO", "method": "POST", "path": "/api/v1/watch", "status": 200, "latency_ms": 58, "user_id": 46127}
{"timestamp": "2025-03-16T02:30:00+09:00", "level": "INFO", "method": "POST", "path": "/api/v1/watch", "status": 200, "latency_ms": 200, "user_id": 63956}
{"timestamp": "2025-03-16T02:40:00+09:00", "level": "INFO", "method": "POST", "path": "/api/v1/watch", "status": 200, "latency_ms": 126, "user_id": 86351}
{"timestamp": "2025-03-16T02:50:00+09:00", "level": "INFO", "method": "POST", "path": "/api/v1/watch", "status": 200, "latency_ms": 107, "user_id": 40341}
{"timestamp": "2025-03-16T03:00:00+09:00", "level": "INFO", "method": "POST", "path": "/api/v1/watch", "status": 200, "latency_ms": 155, "user_id": 74622}
{"timestamp": "2025-03-16T03:10:00+09:00", "level": "INFO", "method": "POST", "path": "/api/v1/watch", "status": 200, "latency_ms": 191, "user_id": 57961}
{"timestamp": "2025-03-16T03:20:00+09:00", "level": "INFO", "method": "POST", "path": "/api/v1/watch", "status": 200, "latency_ms": 63, "user_id": 92515}
{"timestamp": "2025-03-16T03:30:00+09:00", "level": "INFO", "method": "POST", "path": "/api/v1/watch", "status": 200, "latency_ms": 114, "user_id": 39318}
{"timestamp": "2025-03-16T03:40:00+09:00", "level": "INFO", "method": "POST", "path": "/api/v1/watch", "status": 200, "latency_ms": 187, "user_id": 72915}
{"timestamp": "2025-03-16T03:50:00+09:00", "level": "INFO", "method": "POST", "path": "/api/v1/watch", "status": 200, "latency_ms": 174, "user_id": 97536}
{"timestamp": "2025-03-16T04:00:00+09:00", "level": "INFO", "method": "POST", "path": "/api/v1/watch", "status": 200, "latency_ms": 143, "user_id": 97203}
{"timestamp": "2025-03-16T04:10:00+09:00", "level": "INFO", "method": "POST", "path": "/api/v1/watch", "status": 200, "latency_ms": 82, "user_id": 62234}
{"timestamp": "2025-03-16T04:20:00+09:00", "level": "INFO", "method": "POST", "path": "/api/v1/watch", "status": 200, "latency_ms": 175, "user_id": 38518}
{"timestamp": "2025-03-16T04:30:00+09:00", "level": "INFO", "method": "POST", "path": "/api/v1/watch", "status": 200, "latency_ms": 122, "user_id": 56250}
{"timestamp": "2025-03-16T04:40:00+09:00", "level": "INFO", "method": "POST", "path": "/api/v1/watch", "status": 200, "latency_ms": 65, "user_id": 10166}
{"timestamp": "2025-03-16T04:50:00+09:00", "level": "INFO", "method": "POST", "path": "/api/v1/watch", "status": 200, "latency_ms": 156, "user_id": 53698}
{"timestamp": "2025-03-16T00:58:30+09:00", "level": "INFO", "method": "POST", "path": "/api/v1/watch/start", "status": 200, "latency_ms": 145, "user_id": 12345, "video_id": 99999}
{"timestamp": "2025-03-16T01:00:12+09:00", "level": "INFO", "method": "POST", "path": "/api/v1/watch/complete", "status": 200, "latency_ms": 234, "user_id": 12345, "video_id": 99999}
{"timestamp": "2025-03-16T09:00:15+09:00", "level": "INFO", "method": "GET", "path": "/api/v1/history", "status": 200, "latency_ms": 89, "user_id": 12345, "result_count": 0}
{"timestamp": "2025-03-16T01:05:00+09:00", "level": "ERROR", "method": "GET", "path": "/api/v1/recommendations", "status": 503, "latency_ms": 5003, "error": "upstream timeout"}
