2025-03-15 00:00:00.000 UTC [1] LOG: database system is ready to accept connections
2025-03-15 10:00:00.816 UTC [worker-6] LOG: duration: 418.596 ms statement: INSERT INTO watch_history VALUES (...)
2025-03-15 10:05:00.603 UTC [worker-5] LOG: duration: 242.837 ms statement: INSERT INTO watch_history VALUES (...)
2025-03-15 10:10:00.415 UTC [worker-3] LOG: duration: 352.367 ms statement: INSERT INTO watch_history VALUES (...)
2025-03-15 10:15:00.158 UTC [worker-6] LOG: duration: 209.135 ms statement: INSERT INTO watch_history VALUES (...)
2025-03-15 10:20:00.898 UTC [worker-6] LOG: duration: 423.879 ms statement: INSERT INTO watch_history VALUES (...)
2025-03-15 10:25:00.612 UTC [worker-3] LOG: duration: 113.882 ms statement: INSERT INTO watch_history VALUES (...)
2025-03-15 10:30:00.942 UTC [worker-1] LOG: duration: 57.777 ms statement: INSERT INTO watch_history VALUES (...)
2025-03-15 10:35:00.341 UTC [worker-3] LOG: duration: 423.104 ms statement: INSERT INTO watch_history VALUES (...)
2025-03-15 10:40:00.412 UTC [worker-4] LOG: duration: 171.574 ms statement: INSERT INTO watch_history VALUES (...)
2025-03-15 10:45:00.703 UTC [worker-9] LOG: duration: 149.854 ms statement: INSERT INTO watch_history VALUES (...)
2025-03-15 10:50:00.121 UTC [worker-8] LOG: duration: 182.198 ms statement: INSERT INTO watch_history VALUES (...)
2025-03-15 10:55:00.697 UTC [worker-9] LOG: duration: 244.365 ms statement: INSERT INTO watch_history VALUES (...)
2025-03-15 11:00:00.988 UTC [worker-1] LOG: duration: 162.867 ms statement: INSERT INTO watch_history VALUES (...)
2025-03-15 11:05:00.651 UTC [worker-7] LOG: duration: 77.744 ms statement: INSERT INTO watch_history VALUES (...)
2025-03-15 11:10:00.821 UTC [worker-1] LOG: duration: 126.230 ms statement: INSERT INTO watch_history VALUES (...)
2025-03-15 11:15:00.634 UTC [worker-8] LOG: duration: 136.254 ms statement: INSERT INTO watch_history VALUES (...)
2025-03-15 11:20:00.990 UTC [worker-4] LOG: duration: 469.810 ms statement: INSERT INTO watch_history VALUES (...)
2025-03-15 11:25:00.913 UTC [worker-4] LOG: duration: 466.882 ms statement: INSERT INTO watch_history VALUES (...)
2025-03-15 11:30:00.346 UTC [worker-10] LOG: duration: 110.333 ms statement: INSERT INTO watch_history VALUES (...)
2025-03-15 11:35:00.364 UTC [worker-5] LOG: duration: 444.832 ms statement: INSERT INTO watch_history VALUES (...)
2025-03-15 11:40:00.927 UTC [worker-9] LOG: duration: 249.932 ms statement: INSERT INTO watch_history VALUES (...)
2025-03-15 11:45:00.192 UTC [worker-10] LOG: duration: 176.525 ms statement: INSERT INTO watch_history VALUES (...)
2025-03-15 11:50:00.537 UTC [worker-4] LOG: duration: 406.461 ms statement: INSERT INTO watch_history VALUES (...)
2025-03-15 11:55:00.619 UTC [worker-10] LOG: duration: 267.578 ms statement: INSERT INTO watch_history VALUES (...)
2025-03-15 12:00:00.118 UTC [worker-5] LOG: duration: 177.490 ms statement: INSERT INTO watch_history VALUES (...)
2025-03-15 12:05:00.304 UTC [worker-7] LOG: duration: 226.487 ms statement: INSERT INTO watch_history VALUES (...)
2025-03-15 12:10:00.791 UTC [worker-1] LOG: duration: 305.940 ms statement: INSERT INTO watch_history VALUES (...)
2025-03-15 12:15:00.306 UTC [worker-1] LOG: duration: 482.546 ms statement: INSERT INTO watch_history VALUES (...)
2025-03-15 12:20:00.837 UTC [worker-8] LOG: duration: 239.722 ms statement: INSERT INTO watch_history VALUES (...)
2025-03-15 12:25:00.600 UTC [worker-4] LOG: duration: 278.419 ms statement: INSERT INTO watch_history VALUES (...)
2025-03-15 12:30:00.865 UTC [worker-9] LOG: duration: 258.770 ms statement: INSERT INTO watch_history VALUES (...)
2025-03-15 12:35:00.100 UTC [worker-7] LOG: duration: 236.770 ms statement: INSERT INTO watch_history VALUES (...)
2025-03-15 12:40:00.809 UTC [worker-8] LOG: duration: 475.580 ms statement: INSERT INTO watch_history VALUES (...)
2025-03-15 12:45:00.265 UTC [worker-2] LOG: duration: 338.956 ms statement: INSERT INTO watch_history VALUES (...)
2025-03-15 12:50:00.529 UTC [worker-3] LOG: duration: 141.111 ms statement: INSERT INTO watch_history VALUES (...)
2025-03-15 12:55:00.746 UTC [worker-2] LOG: duration: 335.696 ms statement: INSERT INTO watch_history VALUES (...)
2025-03-15 13:00:00.622 UTC [worker-3] LOG: duration: 495.894 ms statement: INSERT INTO watch_history VALUES (...)
2025-03-15 13:05:00.224 UTC [worker-10] LOG: duration: 399.212 ms statement: INSERT INTO watch_history VALUES (...)
2025-03-15 13:10:00.882 UTC [worker-2] LOG: duration: 411.316 ms statement: INSERT INTO watch_history VALUES (...)
2025-03-15 13:15:00.765 UTC [worker-1] LOG: duration: 364.874 ms statement: INSERT INTO watch_history VALUES (...)
2025-03-15 13:20:00.180 UTC [worker-5] LOG: duration: 61.610 ms statement: INSERT INTO watch_history VALUES (...)
2025-03-15 13:25:00.468 UTC [worker-5] LOG: duration: 315.917 ms statement: INSERT INTO watch_history VALUES (...)
2025-03-15 13:30:00.612 UTC [worker-1] LOG: duration: 445.726 ms statement: INSERT INTO watch_history VALUES (...)
2025-03-15 13:35:00.508 UTC [worker-3] LOG: duration: 460.183 ms statement: INSERT INTO watch_history VALUES (...)
2025-03-15 13:40:00.545 UTC [worker-8] LOG: duration: 108.151 ms statement: INSERT INTO watch_history VALUES (...)
2025-03-15 13:45:00.350 UTC [worker-3] LOG: duration: 177.694 ms statement: INSERT INTO watch_history VALUES (...)
2025-03-15 13:50:00.343 UTC [worker-1] LOG: duration: 401.454 ms statement: INSERT INTO watch_history VALUES (...)
2025-03-15 13:55:00.271 UTC [worker-5] LOG: duration: 114.667 ms statement: INSERT INTO watch_history VALUES (...)
2025-03-15 14:00:00.560 UTC [worker-9] LOG: duration: 284.272 ms statement: INSERT INTO watch_history VALUES (...)
2025-03-15 14:05:00.159 UTC [worker-5] LOG: duration: 89.430 ms statement: INSERT INTO watch_history VALUES (...)
2025-03-15 14:10:00.958 UTC [worker-3] LOG: duration: 91.368 ms statement: INSERT INTO watch_history VALUES (...)
2025-03-15 14:15:00.174 UTC [worker-5] LOG: duration: 120.485 ms statement: INSERT INTO watch_history VALUES (...)
2025-03-15 14:20:00.881 UTC [worker-2] LOG: duration: 273.412 ms statement: INSERT INTO watch_history VALUES (...)
2025-03-15 14:25:00.138 UTC [worker-10] LOG: duration: 452.507 ms statement: INSERT INTO watch_history VALUES (...)
2025-03-15 14:30:00.305 UTC [worker-1] LOG: duration: 353.808 ms statement: INSERT INTO watch_history VALUES (...)
2025-03-15 14:35:00.536 UTC [worker-5] LOG: duration: 299.282 ms statement: INSERT INTO watch_history VALUES (...)
2025-03-15 14:40:00.910 UTC [worker-1] LOG: duration: 170.729 ms statement: INSERT INTO watch_history VALUES (...)
2025-03-15 14:45:00.378 UTC [worker-4] LOG: duration: 495.478 ms statement: INSERT INTO watch_history VALUES (...)
2025-03-15 14:50:00.823 UTC [worker-7] LOG: duration: 111.537 ms statement: INSERT INTO watch_history VALUES (...)
2025-03-15 14:55:00.965 UTC [worker-5] LOG: duration: 388.481 ms statement: INSERT INTO watch_history VALUES (...)
2025-03-15 15:00:00.342 UTC [worker-9] LOG: duration: 167.326 ms statement: INSERT INTO watch_history VALUES (...)
2025-03-15 15:05:00.933 UTC [worker-5] LOG: duration: 433.209 ms statement: INSERT INTO watch_history VALUES (...)
2025-03-15 15:10:00.317 UTC [worker-9] LOG: duration: 374.105 ms statement: INSERT INTO watch_history VALUES (...)
2025-03-15 15:15:00.561 UTC [worker-6] LOG: duration: 291.514 ms statement: INSERT INTO watch_history VALUES (...)
2025-03-15 15:20:00.134 UTC [worker-10] LOG: duration: 125.687 ms statement: INSERT INTO watch_history VALUES (...)
2025-03-15 15:25:00.393 UTC [worker-5] LOG: duration: 499.634 ms statement: INSERT INTO watch_history VALUES (...)
2025-03-15 15:30:00.283 UTC [worker-1] LOG: duration: 360.814 ms statement: INSERT INTO watch_history VALUES (...)
2025-03-15 15:35:00.268 UTC [worker-3] LOG: duration: 422.502 ms statement: INSERT INTO watch_history VALUES (...)
2025-03-15 15:40:00.820 UTC [worker-6] LOG: duration: 70.540 ms statement: INSERT INTO watch_history VALUES (...)
2025-03-15 15:45:00.241 UTC [worker-9] LOG: duration: 344.721 ms statement: INSERT INTO watch_history VALUES (...)
2025-03-15 15:50:00.290 UTC [worker-8] LOG: duration: 117.720 ms statement: INSERT INTO watch_history VALUES (...)
2025-03-15 15:55:00.325 UTC [worker-3] LOG: duration: 264.483 ms statement: INSERT INTO watch_history VALUES (...)
2025-03-15 16:00:00.703 UTC [worker-3] LOG: duration: 66.339 ms statement: INSERT INTO watch_history VALUES (...)
2025-03-15 16:05:00.879 UTC [worker-6] LOG: duration: 228.603 ms statement: INSERT INTO watch_history VALUES (...)
2025-03-15 16:10:00.559 UTC [worker-5] LOG: duration: 256.379 ms statement: INSERT INTO watch_history VALUES (...)
2025-03-15 16:15:00.508 UTC [worker-7] LOG: duration: 52.174 ms statement: INSERT INTO watch_history VALUES (...)
2025-03-15 16:20:00.416 UTC [worker-10] LOG: duration: 204.286 ms statement: INSERT INTO watch_history VALUES (...)
2025-03-15 16:25:00.616 UTC [worker-2] LOG: duration: 359.502 ms statement: INSERT INTO watch_history VALUES (...)
2025-03-15 16:30:00.185 UTC [worker-5] LOG: duration: 256.372 ms statement: INSERT INTO watch_history VALUES (...)
2025-03-15 16:35:00.548 UTC [worker-2] LOG: duration: 185.714 ms statement: INSERT INTO watch_history VALUES (...)
2025-03-15 16:40:00.895 UTC [worker-9] LOG: duration: 497.288 ms statement: INSERT INTO watch_history VALUES (...)
2025-03-15 16:45:00.186 UTC [worker-8] LOG: duration: 272.169 ms statement: INSERT INTO watch_history VALUES (...)
2025-03-15 16:50:00.921 UTC [worker-9] LOG: duration: 239.174 ms statement: INSERT INTO watch_history VALUES (...)
2025-03-15 16:55:00.238 UTC [worker-2] LOG: duration: 343.962 ms statement: INSERT INTO watch_history VALUES (...)
2025-03-15 17:00:00.963 UTC [worker-4] LOG: duration: 398.956 ms statement: INSERT INTO watch_history VALUES (...)
2025-03-15 17:05:00.523 UTC [worker-9] LOG: duration: 427.498 ms statement: INSERT INTO watch_history VALUES (...)
2025-03-15 17:10:00.724 UTC [worker-4] LOG: duration: 345.502 ms statement: INSERT INTO watch_history VALUES (...)
2025-03-15 17:15:00.930 UTC [worker-5] LOG: duration: 312.916 ms statement: INSERT INTO watch_history VALUES (...)
2025-03-15 17:20:00.919 UTC [worker-1] LOG: duration: 278.229 ms statement: INSERT INTO watch_history VALUES (...)
2025-03-15 17:25:00.469 UTC [worker-9] LOG: duration: 312.801 ms statement: INSERT INTO watch_history VALUES (...)
2025-03-15 17:30:00.672 UTC [worker-10] LOG: duration: 87.141 ms statement: INSERT INTO watch_history VALUES (...)
2025-03-15 17:35:00.172 UTC [worker-7] LOG: duration: 271.470 ms statement: INSERT INTO watch_history VALUES (...)
2025-03-15 17:40:00.131 UTC [worker-7] LOG: duration: 475.574 ms statement: INSERT INTO watch_history VALUES (...)
2025-03-15 17:45:00.717 UTC [worker-5] LOG: duration: 234.793 ms statement: INSERT INTO watch_history VALUES (...)
2025-03-15 17:50:00.894 UTC [worker-9] LOG: duration: 273.791 ms statement: INSERT INTO watch_history VALUES (...)
2025-03-15 17:55:00.282 UTC [worker-4] LOG: duration: 263.575 ms statement: INSERT INTO watch_history VALUES (...)
2025-03-15 18:00:00.826 UTC [worker-9] LOG: duration: 353.958 ms statement: INSERT INTO watch_history VALUES (...)
2025-03-15 18:05:00.795 UTC [worker-7] LOG: duration: 60.198 ms statement: INSERT INTO watch_history VALUES (...)
2025-03-15 18:10:00.432 UTC [worker-10] LOG: duration: 124.308 ms statement: INSERT INTO watch_history VALUES (...)
2025-03-15 18:15:00.996 UTC [worker-8] LOG: duration: 184.670 ms statement: INSERT INTO watch_history VALUES (...)
2025-03-15 15:58:30.123 UTC [worker-5] LOG: duration: 124.445 ms statement: INSERT INTO watch_history (user_id, video_id, watched_at) VALUES (12345, 99999, '2025-03-15 15:58:30')
2025-03-15 15:59:00.456 UTC [worker-3] LOG: duration: 98.223 ms statement: INSERT INTO watch_history (user_id, video_id, watched_at) VALUES (55555, 77777, '2025-03-15 15:59:00')
2025-03-15 16:00:14.123 UTC [worker-5] ERROR: new row for relation "watch_history" violates check constraint "future_check"
2025-03-15 16:00:14.123 UTC [worker-5] DETAIL: Failing row contains (12345, 99999, 2025-03-16 16:00:12).
2025-03-15 16:00:14.124 UTC [worker-5] STATEMENT: INSERT INTO watch_history (user_id, video_id, watched_at) VALUES ($1, $2, $3)
2025-03-15 16:02:34.567 UTC [worker-7] ERROR: new row for relation "watch_history" violates check constraint "future_check"
2025-03-15 16:02:34.567 UTC [worker-7] DETAIL: Failing row contains (67890, 88888, 2025-03-16 16:02:34).
2025-03-15 16:05:00.000 UTC [worker-2] LOG: duration: 5234.123 ms statement: SELECT COUNT(*) FROM user_preferences WHERE created_at > '2025-01-01'
2025-03-15 16:10:00.144 UTC [worker-4] LOG: duration: 64.748 ms statement: INSERT INTO watch_history VALUES (...)
2025-03-15 16:12:00.675 UTC [worker-5] LOG: duration: 403.140 ms statement: INSERT INTO watch_history VALUES (...)
2025-03-15 16:14:00.163 UTC [worker-10] LOG: duration: 247.252 ms statement: INSERT INTO watch_history VALUES (...)
2025-03-15 16:16:00.501 UTC [worker-9] LOG: duration: 422.693 ms statement: INSERT INTO watch_history VALUES (...)
2025-03-15 16:18:00.232 UTC [worker-5] LOG: duration: 338.562 ms statement: INSERT INTO watch_history VALUES (...)
2025-03-15 16:20:00.863 UTC [worker-10] LOG: duration: 314.116 ms statement: INSERT INTO watch_history VALUES (...)
2025-03-15 16:22:00.734 UTC [worker-7] LOG: duration: 416.282 ms statement: INSERT INTO watch_history VALUES (...)
2025-03-15 16:24:00.172 UTC [worker-2] LOG: duration: 263.444 ms statement: INSERT INTO watch_history VALUES (...)
2025-03-15 16:26:00.905 UTC [worker-4] LOG: duration: 141.282 ms statement: INSERT INTO watch_history VALUES (...)
2025-03-15 16:28:00.982 UTC [worker-5] LOG: duration: 364.867 ms statement: INSERT INTO watch_history VALUES (...)
2025-03-15 16:30:00.345 UTC [worker-2] LOG: duration: 71.437 ms statement: INSERT INTO watch_history VALUES (...)
2025-03-15 16:32:00.156 UTC [worker-5] LOG: duration: 392.253 ms statement: INSERT INTO watch_history VALUES (...)
2025-03-15 16:34:00.964 UTC [worker-4] LOG: duration: 373.760 ms statement: INSERT INTO watch_history VALUES (...)
2025-03-15 16:36:00.269 UTC [worker-5] LOG: duration: 99.345 ms statement: INSERT INTO watch_history VALUES (...)
2025-03-15 16:38:00.582 UTC [worker-1] LOG: duration: 130.316 ms statement: INSERT INTO watch_history VALUES (...)
2025-03-15 16:40:00.305 UTC [worker-5] LOG: duration: 94.623 ms statement: INSERT INTO watch_history VALUES (...)
2025-03-15 16:42:00.308 UTC [worker-3] LOG: duration: 441.437 ms statement: INSERT INTO watch_history VALUES (...)
2025-03-15 16:44:00.570 UTC [worker-1] LOG: duration: 464.851 ms statement: INSERT INTO watch_history VALUES (...)
2025-03-15 16:46:00.168 UTC [worker-4] LOG: duration: 203.793 ms statement: INSERT INTO watch_history VALUES (...)
2025-03-15 16:48:00.955 UTC [worker-3] LOG: duration: 55.341 ms statement: INSERT INTO watch_history VALUES (...)
